Library/Bee/Android/Prj/Mono2x/Gradle/unityLibrary/build/intermediates/manifest_merge_blame_file/release/manifest-merger-blame-release-report.txt
1<?xml version="1.0" encoding="utf-8"?>
2<manifest xmlns:android="http://schemas.android.com/apk/res/android"
3    xmlns:tools="http://schemas.android.com/tools"
4    package="com.unity3d.player"
5    android:versionCode="1"
6    android:versionName="1.0" >
7
8    <uses-sdk
9        android:minSdkVersion="22"
9-->src\main\AndroidManifest.xml
10        android:targetSdkVersion="30" />
10-->src\main\AndroidManifest.xml
11
12    <uses-feature android:glEsVersion="0x00030000" />
12-->src\main\AndroidManifest.xml:20:3-52
12-->src\main\AndroidManifest.xml:20:17-49
13    <uses-feature
13-->src\main\AndroidManifest.xml:21:3-91
14        android:name="android.hardware.vulkan.version"
14-->src\main\AndroidManifest.xml:21:17-63
15        android:required="false" />
15-->src\main\AndroidManifest.xml:21:64-88
16
17    <uses-permission android:name="android.permission.INTERNET" />
17-->src\main\AndroidManifest.xml:22:3-65
17-->src\main\AndroidManifest.xml:22:20-62
18    <uses-permission android:name="android.permission.ACCESS_NETWORK_STATE" />
18-->src\main\AndroidManifest.xml:23:3-77
18-->src\main\AndroidManifest.xml:23:20-74
19
20    <uses-feature
20-->src\main\AndroidManifest.xml:24:3-97
21        android:name="android.hardware.sensor.accelerometer"
21-->src\main\AndroidManifest.xml:24:17-69
22        android:required="false" />
22-->src\main\AndroidManifest.xml:24:70-94
23    <uses-feature
23-->src\main\AndroidManifest.xml:25:3-88
24        android:name="android.hardware.touchscreen"
24-->src\main\AndroidManifest.xml:25:17-60
25        android:required="false" />
25-->src\main\AndroidManifest.xml:25:61-85
26    <uses-feature
26-->src\main\AndroidManifest.xml:26:3-99
27        android:name="android.hardware.touchscreen.multitouch"
27-->src\main\AndroidManifest.xml:26:17-71
28        android:required="false" />
28-->src\main\AndroidManifest.xml:26:72-96
29    <uses-feature
29-->src\main\AndroidManifest.xml:27:3-108
30        android:name="android.hardware.touchscreen.multitouch.distinct"
30-->src\main\AndroidManifest.xml:27:17-80
31        android:required="false" />
31-->src\main\AndroidManifest.xml:27:81-105
32
33    <application android:extractNativeLibs="true" >
33-->src\main\AndroidManifest.xml:3:3-19:17
33-->src\main\AndroidManifest.xml:3:16-48
34        <activity
34-->src\main\AndroidManifest.xml:4:5-13:16
35            android:name="com.unity3d.player.UnityPlayerActivity"
35-->src\main\AndroidManifest.xml:4:15-68
36            android:configChanges="mcc|mnc|locale|touchscreen|keyboard|keyboardHidden|navigation|orientation|screenLayout|uiMode|screenSize|smallestScreenSize|fontScale|layoutDirection|density"
36-->src\main\AndroidManifest.xml:4:182-363
37            android:hardwareAccelerated="false"
37-->src\main\AndroidManifest.xml:4:398-433
38            android:launchMode="singleTask"
38-->src\main\AndroidManifest.xml:4:150-181
39            android:resizeableActivity="true"
39-->src\main\AndroidManifest.xml:4:364-397
40            android:screenOrientation="fullSensor"
40-->src\main\AndroidManifest.xml:4:111-149
41            android:theme="@style/UnityThemeSelector" >
41-->src\main\AndroidManifest.xml:4:69-110
42            <intent-filter>
42-->src\main\AndroidManifest.xml:5:7-8:23
43                <action android:name="android.intent.action.MAIN" />
43-->src\main\AndroidManifest.xml:6:9-61
43-->src\main\AndroidManifest.xml:6:17-58
44
45                <category android:name="android.intent.category.LAUNCHER" />
45-->src\main\AndroidManifest.xml:7:9-69
45-->src\main\AndroidManifest.xml:7:19-66
46            </intent-filter>
47
48            <meta-data
48-->src\main\AndroidManifest.xml:9:7-82
49                android:name="unityplayer.UnityActivity"
49-->src\main\AndroidManifest.xml:9:18-58
50                android:value="true" />
50-->src\main\AndroidManifest.xml:9:59-79
51            <meta-data
51-->src\main\AndroidManifest.xml:10:7-130
52                android:name="WindowManagerPreference:FreeformWindowSize"
52-->src\main\AndroidManifest.xml:10:18-75
53                android:value="@string/FreeformWindowSize_maximize" />
53-->src\main\AndroidManifest.xml:10:76-127
54            <meta-data
54-->src\main\AndroidManifest.xml:11:7-145
55                android:name="WindowManagerPreference:FreeformWindowOrientation"
55-->src\main\AndroidManifest.xml:11:18-82
56                android:value="@string/FreeformWindowOrientation_landscape" />
56-->src\main\AndroidManifest.xml:11:83-142
57            <meta-data
57-->src\main\AndroidManifest.xml:12:7-78
58                android:name="android.notch_support"
58-->src\main\AndroidManifest.xml:12:18-54
59                android:value="true" />
59-->src\main\AndroidManifest.xml:12:55-75
60        </activity>
61
62        <meta-data
62-->src\main\AndroidManifest.xml:14:5-69
63            android:name="unity.splash-mode"
63-->src\main\AndroidManifest.xml:14:16-48
64            android:value="0" />
64-->src\main\AndroidManifest.xml:14:49-66
65        <meta-data
65-->src\main\AndroidManifest.xml:15:5-74
66            android:name="unity.splash-enable"
66-->src\main\AndroidManifest.xml:15:16-50
67            android:value="True" />
67-->src\main\AndroidManifest.xml:15:51-71
68        <meta-data
68-->src\main\AndroidManifest.xml:16:5-78
69            android:name="unity.launch-fullscreen"
69-->src\main\AndroidManifest.xml:16:16-54
70            android:value="True" />
70-->src\main\AndroidManifest.xml:16:55-75
71        <meta-data
71-->src\main\AndroidManifest.xml:17:5-83
72            android:name="unity.allow-resizable-window"
72-->src\main\AndroidManifest.xml:17:16-59
73            android:value="True" />
73-->src\main\AndroidManifest.xml:17:60-80
74        <meta-data
74-->src\main\AndroidManifest.xml:18:5-81
75            android:name="notch.config"
75-->src\main\AndroidManifest.xml:18:16-43
76            android:value="portrait|landscape" />
76-->src\main\AndroidManifest.xml:18:44-78
77    </application>
78
79</manifest>